<?xml version="1.0" encoding="UTF-8"?>
<testsuite name="com.test.MockingTest.controller.ProductControllerTest" tests="5" skipped="0" failures="0" errors="0" timestamp="2023-05-06T18:05:08" hostname="WKWIN6947680" time="0.324">
  <properties/>
  <testcase name="nullProductListGivenShouldProvideBadRequestResponseBack()" classname="com.test.MockingTest.controller.ProductControllerTest" time="0.299"/>
  <testcase name="validProductListGivenShouldProvideOkResponseBack()" classname="com.test.MockingTest.controller.ProductControllerTest" time="0.004"/>
  <testcase name="emptyProductListGivenShouldProvideBadRequestResponseBack()" classname="com.test.MockingTest.controller.ProductControllerTest" time="0.003"/>
  <testcase name="storedAnyProductAndFetchedSameProductByProductIdShouldReturnOkResponse()" classname="com.test.MockingTest.controller.ProductControllerTest" time="0.003"/>
  <testcase name="givenNullProductIdShouldReturnBadRequestResponseBack()" classname="com.test.MockingTest.controller.ProductControllerTest" time="0.008"/>
  <system-out><![CDATA[23:35:06.030 [Test worker] DEBUG org.springframework.test.context.BootstrapUtils - Instantiating CacheAwareContextLoaderDelegate from class [org.springframework.test.context.cache.DefaultCacheAwareContextLoaderDelegate]
23:35:06.042 [Test worker] DEBUG org.springframework.test.context.BootstrapUtils - Instantiating BootstrapContext using constructor [public org.springframework.test.context.support.DefaultBootstrapContext(java.lang.Class,org.springframework.test.context.CacheAwareContextLoaderDelegate)]
23:35:06.075 [Test worker] DEBUG org.springframework.test.context.BootstrapUtils - Instantiating TestContextBootstrapper for test class [com.test.MockingTest.controller.ProductControllerTest] from class [org.springframework.boot.test.context.SpringBootTestContextBootstrapper]
23:35:06.086 [Test worker] INFO org.springframework.boot.test.context.SpringBootTestContextBootstrapper - Neither @ContextConfiguration nor @ContextHierarchy found for test class [com.test.MockingTest.controller.ProductControllerTest], using SpringBootContextLoader
23:35:06.089 [Test worker] DEBUG org.springframework.test.context.support.AbstractContextLoader - Did not detect default resource location for test class [com.test.MockingTest.controller.ProductControllerTest]: class path resource [com/test/MockingTest/controller/ProductControllerTest-context.xml] does not exist
23:35:06.089 [Test worker] DEBUG org.springframework.test.context.support.AbstractContextLoader - Did not detect default resource location for test class [com.test.MockingTest.controller.ProductControllerTest]: class path resource [com/test/MockingTest/controller/ProductControllerTestContext.groovy] does not exist
23:35:06.090 [Test worker] INFO org.springframework.test.context.support.AbstractContextLoader - Could not detect default resource locations for test class [com.test.MockingTest.controller.ProductControllerTest]: no resource found for suffixes {-context.xml, Context.groovy}.
23:35:06.090 [Test worker] INFO org.springframework.test.context.support.AnnotationConfigContextLoaderUtils - Could not detect default configuration classes for test class [com.test.MockingTest.controller.ProductControllerTest]: ProductControllerTest does not declare any static, non-private, non-final, nested classes annotated with @Configuration.
23:35:06.131 [Test worker] DEBUG org.springframework.test.context.support.ActiveProfilesUtils - Could not find an 'annotation declaring class' for annotation type [org.springframework.test.context.ActiveProfiles] and class [com.test.MockingTest.controller.ProductControllerTest]
23:35:06.219 [Test worker] DEBUG org.springframework.context.annotation.ClassPathScanningCandidateComponentProvider - Identified candidate component class: file [C:\DHEERAJ_CODE\Mocking\MockingTest\build\classes\java\main\com\test\MockingTest\MockingTestApplication.class]
23:35:06.220 [Test worker] INFO org.springframework.boot.test.context.SpringBootTestContextBootstrapper - Found @SpringBootConfiguration com.test.MockingTest.MockingTestApplication for test class com.test.MockingTest.controller.ProductControllerTest
23:35:06.322 [Test worker] DEBUG org.springframework.boot.test.context.SpringBootTestContextBootstrapper - @TestExecutionListeners is not present for class [com.test.MockingTest.controller.ProductControllerTest]: using defaults.
23:35:06.323 [Test worker] INFO org.springframework.boot.test.context.SpringBootTestContextBootstrapper - Loaded default TestExecutionListener class names from location [META-INF/spring.factories]: [org.springframework.boot.test.autoconfigure.restdocs.RestDocsTestExecutionListener, org.springframework.boot.test.autoconfigure.web.client.MockRestServiceServerResetTestExecutionListener, org.springframework.boot.test.autoconfigure.web.servlet.MockMvcPrintOnlyOnFailureTestExecutionListener, org.springframework.boot.test.autoconfigure.web.servlet.WebDriverTestExecutionListener, org.springframework.boot.test.autoconfigure.webservices.client.MockWebServiceServerTestExecutionListener, org.springframework.boot.test.mock.mockito.MockitoTestExecutionListener, org.springframework.boot.test.mock.mockito.ResetMocksTestExecutionListener, org.springframework.test.context.web.ServletTestExecutionListener, org.springframework.test.context.support.DirtiesContextBeforeModesTestExecutionListener, org.springframework.test.context.event.ApplicationEventsTestExecutionListener, org.springframework.test.context.support.DependencyInjectionTestExecutionListener, org.springframework.test.context.support.DirtiesContextTestExecutionListener, org.springframework.test.context.transaction.TransactionalTestExecutionListener, org.springframework.test.context.jdbc.SqlScriptsTestExecutionListener, org.springframework.test.context.event.EventPublishingTestExecutionListener]
23:35:06.340 [Test worker] DEBUG org.springframework.boot.test.context.SpringBootTestContextBootstrapper - Skipping candidate TestExecutionListener [org.springframework.test.context.transaction.TransactionalTestExecutionListener] due to a missing dependency. Specify custom listener classes or make the default listener classes and their required dependencies available. Offending class: [org/springframework/transaction/interceptor/TransactionAttributeSource]
23:35:06.341 [Test worker] DEBUG org.springframework.boot.test.context.SpringBootTestContextBootstrapper - Skipping candidate TestExecutionListener [org.springframework.test.context.jdbc.SqlScriptsTestExecutionListener] due to a missing dependency. Specify custom listener classes or make the default listener classes and their required dependencies available. Offending class: [org/springframework/transaction/interceptor/TransactionAttribute]
23:35:06.342 [Test worker] INFO org.springframework.boot.test.context.SpringBootTestContextBootstrapper - Using TestExecutionListeners: [org.springframework.test.context.web.ServletTestExecutionListener@9ebe38b, org.springframework.test.context.support.DirtiesContextBeforeModesTestExecutionListener@4b23c30a, org.springframework.test.context.event.ApplicationEventsTestExecutionListener@38089a5a, org.springframework.boot.test.mock.mockito.MockitoTestExecutionListener@30e868be, org.springframework.boot.test.autoconfigure.SpringBootDependencyInjectionTestExecutionListener@66c92293, org.springframework.test.context.support.DirtiesContextTestExecutionListener@332796d3, org.springframework.test.context.event.EventPublishingTestExecutionListener@4f0100a7, org.springframework.boot.test.autoconfigure.restdocs.RestDocsTestExecutionListener@3cdf2c61, org.springframework.boot.test.autoconfigure.web.client.MockRestServiceServerResetTestExecutionListener@13ad5cd3, org.springframework.boot.test.autoconfigure.web.servlet.MockMvcPrintOnlyOnFailureTestExecutionListener@1c33c17b, org.springframework.boot.test.autoconfigure.web.servlet.WebDriverTestExecutionListener@5bf0fe62, org.springframework.boot.test.autoconfigure.webservices.client.MockWebServiceServerTestExecutionListener@1e097d59, org.springframework.boot.test.mock.mockito.ResetMocksTestExecutionListener@673be18f]
23:35:06.347 [Test worker] DEBUG org.springframework.test.context.support.AbstractDirtiesContextTestExecutionListener - Before test class: context [DefaultTestContext@602e0143 testClass = ProductControllerTest, testInstance = [null], testMethod = [null], testException = [null], mergedContextConfiguration = [WebMergedContextConfiguration@2c07545f testClass = ProductControllerTest, locations = '{}', classes = '{class com.test.MockingTest.MockingTestApplication}', contextInitializerClasses = '[]', activeProfiles = '{}', propertySourceLocations = '{}', propertySourceProperties = '{org.springframework.boot.test.context.SpringBootTestContextBootstrapper=true}', contextCustomizers = set[org.springframework.boot.test.autoconfigure.actuate.metrics.MetricsExportContextCustomizerFactory$DisableMetricExportContextCustomizer@7bba5817, org.springframework.boot.test.autoconfigure.properties.PropertyMappingContextCustomizer@0, org.springframework.boot.test.autoconfigure.web.servlet.WebDriverContextCustomizerFactory$Customizer@7a35b0f5, org.springframework.boot.test.context.filter.ExcludeFilterContextCustomizer@645aa696, org.springframework.boot.test.json.DuplicateJsonObjectContextCustomizerFactory$DuplicateJsonObjectContextCustomizer@33bc72d1, org.springframework.boot.test.mock.mockito.MockitoContextCustomizer@0, org.springframework.boot.test.web.client.TestRestTemplateContextCustomizer@451001e5, org.springframework.boot.test.context.SpringBootTestArgs@1, org.springframework.boot.test.context.SpringBootTestWebEnvironment@7219ec67], resourceBasePath = 'src/main/webapp', contextLoader = 'org.springframework.boot.test.context.SpringBootContextLoader', parent = [null]], attributes = map['org.springframework.test.context.web.ServletTestExecutionListener.activateListener' -> true]], class annotated with @DirtiesContext [false] with mode [null].

  .   ____          _            __ _ _
 /\\ / ___'_ __ _ _(_)_ __  __ _ \ \ \ \
( ( )\___ | '_ | '_| | '_ \/ _` | \ \ \ \
 \\/  ___)| |_)| | | | | || (_| |  ) ) ) )
  '  |____| .__|_| |_|_| |_\__, | / / / /
 =========|_|==============|___/=/_/_/_/
 :: Spring Boot ::               (v2.7.11)

2023-05-06 23:35:06.699  INFO 1308 --- [    Test worker] c.t.M.controller.ProductControllerTest   : Starting ProductControllerTest using Java 1.8.0_301 on WKWIN6947680 with PID 1308 (started by dhegupta1 in C:\DHEERAJ_CODE\Mocking\MockingTest)
2023-05-06 23:35:06.701  INFO 1308 --- [    Test worker] c.t.M.controller.ProductControllerTest   : No active profile set, falling back to 1 default profile: "default"
2023-05-06 23:35:08.234  INFO 1308 --- [    Test worker] c.t.M.controller.ProductControllerTest   : Started ProductControllerTest in 1.845 seconds (JVM running for 3.065)
]]></system-out>
  <system-err><![CDATA[]]></system-err>
</testsuite>
